-------------------------------------------------------------------------------
Test set: Scenario: Valid Username and Password
-------------------------------------------------------------------------------
Tests run: 5, Failures: 0, Errors: 2, Skipped: 1, Time elapsed: 8.203 s <<< FAILURE! - in Scenario: Valid Username and Password
Scenario: Valid Username and Password.When User input username "Admin" and password "admin123"  Time elapsed: 0.019 s  <<< ERROR!
cucumber.runtime.CucumberException: 
Arity mismatch: Step Definition 'step_definition.LoginPageSteps.setUsername(String) in file:/C:/Users/user/eclipse-workspace/Cucumber-OOP/target/test-classes/' with pattern [User input username "(.*)" and password "(.*)"] is declared with 1 parameters. However, the gherkin step has 2 arguments [Admin, admin123]. 
Step: When User input username "Admin" and password "admin123"

Scenario: Valid Username and Password  Time elapsed: 0.021 s  <<< ERROR!
cucumber.runtime.CucumberException: 
Arity mismatch: Step Definition 'step_definition.LoginPageSteps.setUsername(String) in file:/C:/Users/user/eclipse-workspace/Cucumber-OOP/target/test-classes/' with pattern [User input username "(.*)" and password "(.*)"] is declared with 1 parameters. However, the gherkin step has 2 arguments [Admin, admin123]. 
Step: When User input username "Admin" and password "admin123"

