-------------------------------------------------------------------------------
Test set: Scenario: Username and password valid
-------------------------------------------------------------------------------
Tests run: 6, Failures: 0, Errors: 2, Skipped: 2, Time elapsed: 7.913 s <<< FAILURE! - in Scenario: Username and password valid
Scenario: Username and password valid.When User input username "Admin"  Time elapsed: 0.014 s  <<< ERROR!
cucumber.runtime.CucumberException: 
Arity mismatch: Step Definition 'step_definition.LoginPageSteps.setUsername(String) in file:/C:/Users/user/eclipse-workspace/OrangeHRM/target/test-classes/' with pattern [User input username "Admin"] is declared with 1 parameters. However, the gherkin step has 0 arguments []. 
Step: When User input username "Admin"

Scenario: Username and password valid  Time elapsed: 0.015 s  <<< ERROR!
cucumber.runtime.CucumberException: 
Arity mismatch: Step Definition 'step_definition.LoginPageSteps.setUsername(String) in file:/C:/Users/user/eclipse-workspace/OrangeHRM/target/test-classes/' with pattern [User input username "Admin"] is declared with 1 parameters. However, the gherkin step has 0 arguments []. 
Step: When User input username "Admin"

