-------------------------------------------------------------------------------
Test set: step_definition.RunCukesTest
-------------------------------------------------------------------------------
Tests run: 1, Failures: 0, Errors: 1, Skipped: 0, Time elapsed: 0.003 s <<< FAILURE! - in step_definition.RunCukesTest
step_definition.RunCukesTest.initializationError  Time elapsed: 0 s  <<< ERROR!
cucumber.runtime.CucumberException: Error parsing feature file feature/AddEmployee.feature
Caused by: gherkin.parser.ParseError: Parse error at feature/AddEmployee.feature:6. Found comment when expecting one of: examples, feature, scenario, scenario_outline, tag. (Current getState: tag).

