-------------------------------------------------------------------------------
Test set: step_definition.runCukesTest
-------------------------------------------------------------------------------
Tests run: 1, Failures: 0, Errors: 1, Skipped: 0, Time elapsed: 0.001 s <<< FAILURE! - in step_definition.runCukesTest
step_definition.runCukesTest.initializationError  Time elapsed: 0 s  <<< ERROR!
cucumber.runtime.DuplicateStepDefinitionException: Duplicate step definitions in step_definition.LoginPageSteps.openPage() in file:/C:/Users/user/eclipse-workspace/Cucumber-OOP/target/test-classes/ and step_definition.LoginPageSteps.openOrangeHRMPage() in file:/C:/Users/user/eclipse-workspace/Cucumber-OOP/target/test-classes/

