<?xml version="1.0" encoding="UTF-8"?>
<testsuite xmlns:xsi="http://www.w3.org/2001/XMLSchema-instance" xsi:noNamespaceSchemaLocation="https://maven.apache.org/surefire/maven-surefire-plugin/xsd/surefire-test-report-3.0.xsd" version="3.0" name="Scenario: Invalid username and password" time="20.542" tests="9" errors="0" skipped="0" failures="0">
  <properties>
[...]
</properties>
  <testcase name="testApp" classname="com.sekolahqa.cucumber.OrangeHRM.AppTest" time="0.002"/>
  <testcase name="Given User open the Orange HRM home page" classname="Scenario: Valid Username and Password" time="0">
    <system-out><![CDATA[@Login
Feature: Login
  User want to Login OrangeHRM
Called openBrowser
]]></system-out>
    <system-err><![CDATA[Starting ChromeDriver 93.0.4577.15 (660fc11082ba57405eca2e8c49c3e1af756fbfae-refs/branch-heads/4577@{#203}) on port 23771
Only local connections are allowed.
Please see https://chromedriver.chromium.org/security-considerations for suggestions on keeping ChromeDriver safe.
ChromeDriver was started successfully.
Sep 03, 2021 1:47:21 PM org.openqa.selenium.remote.ProtocolHandshake createSession
INFO: Detected dialect: W3C
]]></system-err>
  </testcase>
  <testcase name="When User input username &quot;Admin&quot; and password &quot;admin123&quot;" classname="Scenario: Valid Username and Password" time="0"/>
  <testcase name="Then User see the dashboard" classname="Scenario: Valid Username and Password" time="0.001">
    <system-out><![CDATA[Login Positive Passed
]]></system-out>
  </testcase>
  <testcase name="" classname="Scenario: Valid Username and Password" time="0.974"/>
  <testcase name="Given User open the Orange HRM home page" classname="Scenario: Invalid username and password" time="0">
    <system-out><![CDATA[Called openBrowser

  @tag1
  Scenario: Valid Username and Password                      &amp#27;[90m# feature/Login.feature:7&amp#27;[0m
    &amp#27;[32mGiven &amp#27;[0m&amp#27;[32mUser open the Orange HRM home page&amp#27;[0m                 &amp#27;[90m# LoginPageSteps.openOrangeHRMPage()&amp#27;[0m
    &amp#27;[32mWhen &amp#27;[0m&amp#27;[32mUser input username "&amp#27;[0m&amp#27;[32m&amp#27;[1mAdmin&amp#27;[0m&amp#27;[32m" and password "&amp#27;[0m&amp#27;[32m&amp#27;[1madmin123&amp#27;[0m&amp#27;[32m"&amp#27;[0m &amp#27;[90m# LoginPageSteps.LoginPositive(String,String)&amp#27;[0m
    &amp#27;[32mThen &amp#27;[0m&amp#27;[32mUser see the dashboard&amp#27;[0m                              &amp#27;[90m# LoginPageSteps.verifyDashboard()&amp#27;[0m
]]></system-out>
    <system-err><![CDATA[Starting ChromeDriver 93.0.4577.15 (660fc11082ba57405eca2e8c49c3e1af756fbfae-refs/branch-heads/4577@{#203}) on port 47704
Only local connections are allowed.
Please see https://chromedriver.chromium.org/security-considerations for suggestions on keeping ChromeDriver safe.
ChromeDriver was started successfully.
Sep 03, 2021 1:47:32 PM org.openqa.selenium.remote.ProtocolHandshake createSession
INFO: Detected dialect: W3C
]]></system-err>
  </testcase>
  <testcase name="When User input invalid username &quot;admin&quot; and password &quot;admin&quot;" classname="Scenario: Invalid username and password" time="0.003"/>
  <testcase name="Then User see error message" classname="Scenario: Invalid username and password" time="0">
    <system-out><![CDATA[Login Negative Passed
]]></system-out>
  </testcase>
  <testcase name="" classname="Scenario: Invalid username and password" time="0.905"/>
</testsuite>