<?xml version="1.0" encoding="UTF-8"?>
<testsuite xmlns:xsi="http://www.w3.org/2001/XMLSchema-instance" xsi:noNamespaceSchemaLocation="https://maven.apache.org/surefire/maven-surefire-plugin/xsd/surefire-test-report-3.0.xsd" version="3.0" name="Scenario: Login" time="10.257" tests="6" errors="2" skipped="2" failures="0">
  <properties>
[...]
</properties>
  <testcase name="testApp" classname="com.sekolahqa.cucumber.OrangeHRM.AppTest" time="0.009"/>
  <testcase name="Given I open the Orange HRM home page" classname="Scenario: Login" time="0.001">
    <system-out><![CDATA[@Login
Feature: Login
  I want to Login OrangeHRM
Called openBrowser
]]></system-out>
    <system-err><![CDATA[Starting ChromeDriver 92.0.4515.107 (87a818b10553a07434ea9e2b6dccf3cbe7895134-refs/branch-heads/4515@{#1634}) on port 14668
Only local connections are allowed.
Please see https://chromedriver.chromium.org/security-considerations for suggestions on keeping ChromeDriver safe.
ChromeDriver was started successfully.
Sep 02, 2021 1:33:38 PM org.openqa.selenium.remote.ProtocolHandshake createSession
INFO: Detected dialect: W3C
]]></system-err>
  </testcase>
  <testcase name="When I input username &quot;Admin&quot;" classname="Scenario: Login" time="0.018">
    <error type="java.lang.NullPointerException"><![CDATA[java.lang.NullPointerException
]]></error>
  </testcase>
  <testcase name="" classname="Scenario: Login" time="0.022">
    <error type="java.lang.NullPointerException"><![CDATA[java.lang.NullPointerException
]]></error>
  </testcase>
  <testcase name="And I input password &quot;admin123&quot;" classname="Scenario: Login" time="0">
    <skipped/>
  </testcase>
  <testcase name="Then I see the dashboard" classname="Scenario: Login" time="0">
    <skipped/>
  </testcase>
</testsuite>